<?xml version='1.0'?>
<ns2:test-suite xmlns:ns2='urn:model.allure.qatools.yandex.ru' start='1535378055184' stop='1535378123299'>
    <name>Verify login functionality with valid credentials</name>
    <title>Verify login functionality with valid credentials</title>
    <test-cases>
        <test-case start='1535378055185' status='passed' stop='1535378062800'>
            <name>should enter username and password in Login Page</name>
            <title>should enter username and password in Login Page</title>
            <labels/>
            <parameters/>
            <steps/>
            <attachments>
                <attachment title='Screenshot' source='fc5d2169-cfb2-493b-a71c-390d7017aac4-attachment.png' type='image/png' size='189888'/>
            </attachments>
        </test-case>
        <test-case start='1535378062800' status='passed' stop='1535378089162'>
            <name>should verify and enter details for Slack Page</name>
            <title>should verify and enter details for Slack Page</title>
            <labels/>
            <parameters/>
            <steps/>
            <attachments>
                <attachment title='Screenshot' source='47e9e742-4826-4e57-8439-0e82fcc636c2-attachment.png' type='image/png' size='26300'/>
            </attachments>
        </test-case>
        <test-case start='1535378089162' status='failed' stop='1535378102700'>
            <name>should enter details on organisational login page</name>
            <title>should enter details on organisational login page</title>
            <labels/>
            <parameters/>
            <steps/>
            <attachments>
                <attachment title='Screenshot' source='80bd3981-1d86-4303-9cef-49465df9bef6-attachment.png' type='image/png' size='30169'/>
            </attachments>
            <failure>
                <message>Failed: No element found using locator: By(css selector, button[id='oauth_authorizify'])</message>
                <stack-trace>NoSuchElementError: No element found using locator: By(css selector, button[id='oauth_authorizify'])
                    at elementArrayFinder.getWebElements.then (C:\Users\satya\AppData\Roaming\npm\node_modules\protractor\built\element.js:814:27)
                    at ManagedPromise.invokeCallback_ (C:\Users\satya\AppData\Roaming\npm\node_modules\protractor\node_modules\selenium-webdriver\lib\promise.js:1376:14)
                    at TaskQueue.execute_ (C:\Users\satya\AppData\Roaming\npm\node_modules\protractor\node_modules\selenium-webdriver\lib\promise.js:3084:14)
                    at TaskQueue.executeNext_ (C:\Users\satya\AppData\Roaming\npm\node_modules\protractor\node_modules\selenium-webdriver\lib\promise.js:3067:27)
                    at asyncRun (C:\Users\satya\AppData\Roaming\npm\node_modules\protractor\node_modules\selenium-webdriver\lib\promise.js:2927:27)
                    at C:\Users\satya\AppData\Roaming\npm\node_modules\protractor\node_modules\selenium-webdriver\lib\promise.js:668:7
                    at process._tickCallback (internal/process/next_tick.js:68:7)Error
                    at ElementArrayFinder.applyAction_ (C:\Users\satya\AppData\Roaming\npm\node_modules\protractor\built\element.js:459:27)
                    at ElementArrayFinder.(anonymous function).args [as click] (C:\Users\satya\AppData\Roaming\npm\node_modules\protractor\built\element.js:91:29)
                    at ElementFinder.(anonymous function).args [as click] (C:\Users\satya\AppData\Roaming\npm\node_modules\protractor\built\element.js:831:22)
                    at LoginPage.enterOrganizationDetails (C:\Users\adalakoti\Pictures\SnapAutomation-master\src\test\pages\LoginPage.js:21:72)
                    at UserContext.&lt;anonymous> (C:\Users\adalakoti\Pictures\SnapAutomation-master\src\test\test_spec\login_spec.js:40:23)
                    at C:\Users\satya\AppData\Roaming\npm\node_modules\protractor\node_modules\jasminewd2\index.js:112:25
                    at new ManagedPromise (C:\Users\satya\AppData\Roaming\npm\node_modules\protractor\node_modules\selenium-webdriver\lib\promise.js:1077:7)
                    at ControlFlow.promise (C:\Users\satya\AppData\Roaming\npm\node_modules\protractor\node_modules\selenium-webdriver\lib\promise.js:2505:12)
                    at schedulerExecute (C:\Users\satya\AppData\Roaming\npm\node_modules\protractor\node_modules\jasminewd2\index.js:95:18)
                    at TaskQueue.execute_ (C:\Users\satya\AppData\Roaming\npm\node_modules\protractor\node_modules\selenium-webdriver\lib\promise.js:3084:14)
                From: Task: Run it("should enter details on organisational login page") in control flow
                    at UserContext.&lt;anonymous> (C:\Users\satya\AppData\Roaming\npm\node_modules\protractor\node_modules\jasminewd2\index.js:94:19)
                    at attempt (C:\Users\satya\AppData\Roaming\npm\node_modules\protractor\node_modules\jasmine-core\lib\jasmine-core\jasmine.js:4297:26)
                    at QueueRunner.run (C:\Users\satya\AppData\Roaming\npm\node_modules\protractor\node_modules\jasmine-core\lib\jasmine-core\jasmine.js:4217:20)
                    at runNext (C:\Users\satya\AppData\Roaming\npm\node_modules\protractor\node_modules\jasmine-core\lib\jasmine-core\jasmine.js:4257:20)
                    at C:\Users\satya\AppData\Roaming\npm\node_modules\protractor\node_modules\jasmine-core\lib\jasmine-core\jasmine.js:4264:13
                    at C:\Users\satya\AppData\Roaming\npm\node_modules\protractor\node_modules\jasmine-core\lib\jasmine-core\jasmine.js:4172:9
                    at C:\Users\satya\AppData\Roaming\npm\node_modules\protractor\node_modules\jasminewd2\index.js:64:48
                    at ControlFlow.emit (C:\Users\satya\AppData\Roaming\npm\node_modules\protractor\node_modules\selenium-webdriver\lib\events.js:62:21)
                    at ControlFlow.shutdown_ (C:\Users\satya\AppData\Roaming\npm\node_modules\protractor\node_modules\selenium-webdriver\lib\promise.js:2674:10)
                    at shutdownTask_.MicroTask (C:\Users\satya\AppData\Roaming\npm\node_modules\protractor\node_modules\selenium-webdriver\lib\promise.js:2599:53)
                From asynchronous test: 
                Error
                    at Suite.&lt;anonymous> (C:\Users\adalakoti\Pictures\SnapAutomation-master\src\test\test_spec\login_spec.js:37:8)
                    at addSpecsToSuite (C:\Users\satya\AppData\Roaming\npm\node_modules\protractor\node_modules\jasmine-core\lib\jasmine-core\jasmine.js:1107:25)
                    at Env.describe (C:\Users\satya\AppData\Roaming\npm\node_modules\protractor\node_modules\jasmine-core\lib\jasmine-core\jasmine.js:1074:7)
                    at describe (C:\Users\satya\AppData\Roaming\npm\node_modules\protractor\node_modules\jasmine-core\lib\jasmine-core\jasmine.js:4399:18)
                    at Object.&lt;anonymous> (C:\Users\adalakoti\Pictures\SnapAutomation-master\src\test\test_spec\login_spec.js:18:1)
                    at Module._compile (internal/modules/cjs/loader.js:689:30)
                    at Object.Module._extensions..js (internal/modules/cjs/loader.js:700:10)
                    at Module.load (internal/modules/cjs/loader.js:599:32)
                    at tryModuleLoad (internal/modules/cjs/loader.js:538:12)</stack-trace>
            </failure>
        </test-case>
        <test-case start='1535378102700' status='failed' stop='1535378123298'>
            <name>should verify SNAP home page</name>
            <title>should verify SNAP home page</title>
            <labels/>
            <parameters/>
            <steps/>
            <attachments>
                <attachment title='Screenshot' source='4e3e288f-0190-489a-8f88-6d06259d0390-attachment.png' type='image/png' size='30210'/>
            </attachments>
            <failure>
                <message>Expected 'Sign In' to equal 'SNAP | Home'.</message>
                <stack-trace>Error: Failed expectation
                    at UserContext.&lt;anonymous> (C:\Users\adalakoti\Pictures\SnapAutomation-master\src\test\test_spec\login_spec.js:46:32)
                    at C:\Users\satya\AppData\Roaming\npm\node_modules\protractor\node_modules\jasminewd2\index.js:112:25
                    at new ManagedPromise (C:\Users\satya\AppData\Roaming\npm\node_modules\protractor\node_modules\selenium-webdriver\lib\promise.js:1077:7)
                    at ControlFlow.promise (C:\Users\satya\AppData\Roaming\npm\node_modules\protractor\node_modules\selenium-webdriver\lib\promise.js:2505:12)
                    at schedulerExecute (C:\Users\satya\AppData\Roaming\npm\node_modules\protractor\node_modules\jasminewd2\index.js:95:18)
                    at TaskQueue.execute_ (C:\Users\satya\AppData\Roaming\npm\node_modules\protractor\node_modules\selenium-webdriver\lib\promise.js:3084:14)
                    at TaskQueue.executeNext_ (C:\Users\satya\AppData\Roaming\npm\node_modules\protractor\node_modules\selenium-webdriver\lib\promise.js:3067:27)
                    at asyncRun (C:\Users\satya\AppData\Roaming\npm\node_modules\protractor\node_modules\selenium-webdriver\lib\promise.js:2974:25)
                    at C:\Users\satya\AppData\Roaming\npm\node_modules\protractor\node_modules\selenium-webdriver\lib\promise.js:668:7</stack-trace>
            </failure>
        </test-case>
    </test-cases>
</ns2:test-suite>